{"/home/yutar/projects/hexlet-jest/src/index.js": {"path":"/home/yutar/projects/hexlet-jest/src/index.js","statementMap":{"0":{"start":{"line":1,"column":22},"end":{"line":1,"column":54}}},"fnMap":{"0":{"name":"(anonymous_0)","decl":{"start":{"line":1,"column":15},"end":{"line":1,"column":16}},"loc":{"start":{"line":1,"column":22},"end":{"line":1,"column":54}},"line":1}},"branchMap":{},"s":{"0":2},"f":{"0":2},"b":{},"_coverageSchema":"1a1c01bbd47fc00a2c39e90264f33305004495a9","hash":"9060e0b8f69121d8e1e91f6a1d5e1698d4186a86"}
,"/home/yutar/projects/hexlet-jest/src/utils.js": {"path":"/home/yutar/projects/hexlet-jest/src/utils.js","statementMap":{"0":{"start":{"line":1,"column":11},"end":{"line":1,"column":43}},"1":{"start":{"line":1,"column":22},"end":{"line":1,"column":42}}},"fnMap":{"0":{"name":"(anonymous_0)","decl":{"start":{"line":1,"column":11},"end":{"line":1,"column":12}},"loc":{"start":{"line":1,"column":22},"end":{"line":1,"column":42}},"line":1}},"branchMap":{"0":{"loc":{"start":{"line":1,"column":22},"end":{"line":1,"column":42}},"type":"cond-expr","locations":[{"start":{"line":1,"column":30},"end":{"line":1,"column":34}},{"start":{"line":1,"column":37},"end":{"line":1,"column":42}}],"line":1}},"s":{"0":1,"1":2},"f":{"0":2},"b":{"0":[1,1]},"_coverageSchema":"1a1c01bbd47fc00a2c39e90264f33305004495a9","hash":"cceb9926f24134b5b966b30e0ed63e1e93464e4e"}
}
